<?xml version="1.0" encoding="UTF-8"?>
<testng-results ignored="0" total="1" passed="1" failed="0" skipped="0">
  <reporter-output>
  </reporter-output>
  <suite started-at="2022-11-29T05:44:26Z" name="Default suite" finished-at="2022-11-29T05:44:35Z" duration-ms="8075">
    <groups>
    </groups>
    <test started-at="2022-11-29T05:44:26Z" name="Default test" finished-at="2022-11-29T05:44:35Z" duration-ms="8075">
      <class name="com.example.demo.FEusingSEL.NavigationTest">
        <test-method signature="navigationWPTest()[pri:0, instance:com.example.demo.FEusingSEL.NavigationTest@3fed2870]" started-at="2022-11-29T05:44:26Z" name="navigationWPTest" finished-at="2022-11-29T05:44:35Z" duration-ms="8045" status="PASS">
          <reporter-output>
          </reporter-output>
        </test-method> <!-- navigationWPTest -->
      </class> <!-- com.example.demo.FEusingSEL.NavigationTest -->
    </test> <!-- Default test -->
  </suite> <!-- Default suite -->
</testng-results>
